Arguments: 
  C:\Program Files\nodejs\node.exe C:\Users\daniel.cintra\AppData\Roaming\npm\node_modules\yarn\bin\yarn.js

PATH: 
  C:\Users\daniel.cintra\Downloads\cmder\bin;C:\Users\daniel.cintra\Downloads\cmder\vendor\conemu-maximus5\ConEmu\Scripts;C:\Users\daniel.cintra\Downloads\cmder\vendor\conemu-maximus5;C:\Users\daniel.cintra\Downloads\cmder\vendor\conemu-maximus5\ConEmu;C:\ProgramData\Oracle\Java\javapath;C:\WINDOWS\system32;C:\WINDOWS;C:\WINDOWS\System32\Wbem;C:\WINDOWS\System32\WindowsPowerShell\v1.0\;C:\Program Files (x86)\PuTTY\;C:\Program Files\nodejs\;C:\xampp\php;C:\ProgramData\ComposerSetup\bin;C:\Program Files (x86)\Skype\Phone\;C:\Program Files (x86)\Git\cmd;C:\Users\daniel.cintra\AppData\Local\Microsoft\WindowsApps;C:\Users\daniel.cintra\AppData\Roaming\npm;C:\Users\daniel.cintra\AppData\Roaming\Composer\vendor\bin;C:\Program Files (x86)\Git\usr\bin;C:\Program Files (x86)\Git\usr\share\vim\vim74;C:\Users\daniel.cintra\Downloads\cmder\

Yarn version: 
  0.21.3

Node version: 
  6.10.0

Platform: 
  win32 x64

npm manifest: 
  {
    "name": "quasar-app",
    "version": "0.0.1",
    "description": "A Quasar App",
    "author": "Your Name",
    "scripts": {
      "clean": "node build/script.clean.js",
      "dev": "node build/script.dev.js",
      "build": "node build/script.build.js",
      "lint": "eslint --ext .js,.vue src"
    },
    "dependencies": {
      "babel-runtime": "^6.0.0",
      "fastclick": "^1.0.6",
      "material-design-icons": "^3.0.1",
      "moment": "^2.15.0",
      "quasar-framework": "^0.13.4",
      "roboto-fontface": "^0.7.0",
      "vue": "^2.2.2",
      "vue-router": "^2.0.0"
    },
    "devDependencies": {
      "autoprefixer": "^6.4.0",
      "babel-core": "^6.0.0",
      "babel-eslint": "^7.0.0",
      "babel-loader": "^6.0.0",
      "babel-plugin-transform-runtime": "^6.0.0",
      "babel-preset-es2015": "^6.0.0",
      "babel-preset-stage-2": "^6.0.0",
      "colors": "^1.1.2",
      "connect-history-api-fallback": "^1.1.0",
      "css-loader": "^0.26.0",
      "eslint": "^3.0.1",
      "eslint-config-standard": "^6.2.0",
      "eslint-friendly-formatter": "^2.0.5",
      "eslint-loader": "^1.3.0",
      "eslint-plugin-html": "^2.0.1",
      "eslint-plugin-promise": "^3.3.0",
      "eslint-plugin-standard": "^2.0.0",
      "eventsource-polyfill": "^0.9.6",
      "express": "^4.13.3",
      "extract-text-webpack-plugin": "^2.0.0-beta.4",
      "file-loader": "^0.10.0",
      "friendly-errors-webpack-plugin": "^1.1.3",
      "html-webpack-plugin": "^2.8.1",
      "http-proxy-middleware": "^0.17.0",
      "json-loader": "^0.5.4",
      "opn": "^4.0.2",
      "postcss-loader": "^1.0.0",
      "progress-bar-webpack-plugin": "^1.9.0",
      "shelljs": "^0.7.0",
      "stylus": "^0.54.5",
      "stylus-loader": "^2.1.1",
      "url-loader": "^0.5.7",
      "vue-loader": "11.1.4",
      "vue-style-loader": "^2.0.0",
      "vue-template-compiler": "^2.2.2",
      "webpack": "^2.2.1",
      "webpack-dev-middleware": "^1.8.4",
      "webpack-hot-middleware": "^2.17.0",
      "webpack-merge": "^4.0.0"
    }
  }

yarn manifest: 
  No manifest

Lockfile: 
  No lockfile

Trace: 
  Error: getaddrinfo ENOTFOUND registry.yarnpkg.com registry.yarnpkg.com:443
      at errnoException (dns.js:28:10)
      at GetAddrInfoReqWrap.onlookup [as oncomplete] (dns.js:76:26)
